<?xml version="1.0" encoding="UTF-8"?>
<!-- Generated by org.testng.reporters.JUnitXMLReporter -->
<testsuite ignored="0" hostname="SISAHDLPT134" failures="0" tests="1" name="Test-Chrome" time="66.661" errors="0" timestamp="2023-04-23T20:56:25 IST">
  <testcase classname="TestObjects.TestRun" name="UserSignIn" time="64.788"/>
</testsuite> <!-- Test-Chrome -->
