<?xml version="1.0" encoding="UTF-8"?>
<!-- Generated by org.testng.reporters.JUnitReportReporter -->
<testsuite hostname="SISAHDLPT134" failures="0" tests="1" name="Base" time="2.642" errors="0" timestamp="2023-04-21T19:22:18 IST" skipped="0">
  <testcase classname="Base" name="testOnChromeWithBrowserStackUrl" time="2.642"/>
  <system-out/>
</testsuite> <!-- Base -->
