<?xml version="1.0" encoding="UTF-8"?>
<!-- Generated by org.testng.reporters.JUnitReportReporter -->
<testsuite hostname="SISAHDLPT134" failures="0" tests="2" name="NewTest" time="109.782" errors="0" timestamp="2023-04-21T18:27:03 IST" skipped="0">
  <testcase classname="NewTest" name="testOnChromeWithBrowserStackSignUp" time="4.892"/>
  <system-out/>
  <testcase classname="NewTest" name="testOnChromeWithBrowserStackUrl" time="104.890"/>
  <system-out/>
</testsuite> <!-- NewTest -->
